0 silly argv {
0 silly argv   _: [ 'run' ],
0 silly argv   lernaVersion: '6.1.0',
0 silly argv   '$0': 'node_modules/.bin/lerna',
0 silly argv   script: 'prepublish'
0 silly argv }
1 notice cli v6.1.0
2 verbose rootPath /home/workspace/Documents/etern/eil-discussion-box
3 error JSONError: Unexpected token "<" (0x3C) in JSON at position 40 while parsing near "...ab/discussion-box\",\n<<<<<<< HEAD\n  \"vers..." in packages/discussion-box/package.json
3 error
3 error [0m [90m 1 |[39m {[0m
3 error [0m [90m 2 |[39m   [32m"name"[39m[33m:[39m [32m"@eten-lab/discussion-box"[39m[33m,[39m[0m
3 error [0m[31m[1m>[22m[39m[90m 3 |[39m [33m<<[39m[33m<<[39m[33m<<[39m[33m<[39m [33mHEAD[39m[0m
3 error [0m [90m   |[39m [31m[1m^[22m[39m[0m
3 error [0m [90m 4 |[39m   [32m"version"[39m[33m:[39m [32m"0.0.2"[39m[33m,[39m[0m
3 error [0m [90m 5 |[39m [33m===[39m[33m===[39m[33m=[39m[0m
3 error [0m [90m 6 |[39m   [32m"version"[39m[33m:[39m [32m"0.0.1"[39m[33m,[39m[0m
3 error
3 error     at parseJson (/home/workspace/Documents/etern/eil-discussion-box/node_modules/parse-json/index.js:29:21)
3 error     at parse (/home/workspace/Documents/etern/eil-discussion-box/node_modules/load-json-file/index.js:15:9)
3 error     at module.exports (/home/workspace/Documents/etern/eil-discussion-box/node_modules/load-json-file/index.js:18:47)
